{"total": {"lines":{"total":226,"covered":56,"skipped":0,"pct":24.77},"statements":{"total":247,"covered":60,"skipped":0,"pct":24.29},"functions":{"total":65,"covered":15,"skipped":0,"pct":23.07},"branches":{"total":99,"covered":21,"skipped":0,"pct":21.21},"branchesTrue":{"total":0,"covered":0,"skipped":0,"pct":100}}
,"/Users/jtb2/Documents/Projects/leetmonk/src/executor/runner-js-cjs.js": {"lines":{"total":50,"covered":40,"skipped":0,"pct":80},"functions":{"total":11,"covered":8,"skipped":0,"pct":72.72},"statements":{"total":55,"covered":44,"skipped":0,"pct":80},"branches":{"total":23,"covered":13,"skipped":0,"pct":56.52}}
,"/Users/jtb2/Documents/Projects/leetmonk/src/main/index.js": {"lines":{"total":146,"covered":0,"skipped":0,"pct":0},"functions":{"total":40,"covered":0,"skipped":0,"pct":0},"statements":{"total":162,"covered":0,"skipped":0,"pct":0},"branches":{"total":56,"covered":0,"skipped":0,"pct":0}}
,"/Users/jtb2/Documents/Projects/leetmonk/src/renderer/src/fsrs-cjs.js": {"lines":{"total":16,"covered":16,"skipped":0,"pct":100},"functions":{"total":7,"covered":7,"skipped":0,"pct":100},"statements":{"total":16,"covered":16,"skipped":0,"pct":100},"branches":{"total":10,"covered":8,"skipped":0,"pct":80}}
,"/Users/jtb2/Documents/Projects/leetmonk/src/renderer/src/fsrs.js": {"lines":{"total":14,"covered":0,"skipped":0,"pct":0},"functions":{"total":7,"covered":0,"skipped":0,"pct":0},"statements":{"total":14,"covered":0,"skipped":0,"pct":0},"branches":{"total":10,"covered":0,"skipped":0,"pct":0}}
}
