TN:
SF:src/executor/runner-js-cjs.js
FN:96,snakeToCamel
FN:97,(anonymous_1)
FN:100,detectFunctionName
FN:113,execRunnerJs
FN:135,runNode
FN:136,(anonymous_5)
FN:143,(anonymous_6)
FN:148,(anonymous_7)
FN:149,(anonymous_8)
FN:151,(anonymous_9)
FN:172,(anonymous_10)
FNF:11
FNH:8
FNDA:86,snakeToCamel
FNDA:113,(anonymous_1)
FNDA:86,detectFunctionName
FNDA:86,execRunnerJs
FNDA:86,runNode
FNDA:86,(anonymous_5)
FNDA:0,(anonymous_6)
FNDA:86,(anonymous_7)
FNDA:0,(anonymous_8)
FNDA:86,(anonymous_9)
FNDA:0,(anonymous_10)
DA:2,1
DA:3,1
DA:4,1
DA:5,1
DA:6,1
DA:8,1
DA:10,1
DA:97,113
DA:102,86
DA:103,86
DA:104,86
DA:105,79
DA:109,7
DA:110,7
DA:114,86
DA:115,86
DA:116,0
DA:119,86
DA:120,86
DA:122,86
DA:123,86
DA:128,86
DA:129,86
DA:131,86
DA:136,86
DA:137,86
DA:138,86
DA:139,86
DA:141,86
DA:143,86
DA:144,0
DA:145,0
DA:148,86
DA:149,86
DA:151,86
DA:152,86
DA:154,86
DA:155,0
DA:156,0
DA:159,86
DA:160,0
DA:161,0
DA:164,86
DA:165,86
DA:166,86
DA:168,0
DA:172,86
DA:173,0
DA:174,0
DA:179,1
LF:50
LH:40
BRDA:102,0,0,86
BRDA:102,0,1,0
BRDA:102,1,0,86
BRDA:102,1,1,86
BRDA:104,2,0,79
BRDA:104,2,1,7
BRDA:110,3,0,7
BRDA:110,3,1,0
BRDA:115,4,0,0
BRDA:115,4,1,86
BRDA:131,5,0,86
BRDA:131,5,1,0
BRDA:154,6,0,0
BRDA:154,6,1,86
BRDA:159,7,0,0
BRDA:159,7,1,86
BRDA:159,8,0,86
BRDA:159,8,1,0
BRDA:166,9,0,86
BRDA:166,9,1,86
BRDA:168,10,0,0
BRDA:168,10,1,0
BRDA:168,10,2,0
BRF:23
BRH:13
end_of_record
TN:
SF:src/main/index.js
FN:23,loadSettings
FN:32,saveSettings
FN:36,loadReviewData
FN:45,saveReviewData
FN:49,loadSrState
FN:58,saveSrState
FN:62,loadSessions
FN:71,saveSessions
FN:75,loadProgress
FN:84,saveProgress
FN:88,loadEditorState
FN:97,saveEditorState
FN:101,loadProblems
FN:107,(anonymous_13)
FN:114,(anonymous_14)
FN:131,createWindow
FN:171,(anonymous_16)
FN:187,(anonymous_17)
FN:247,(anonymous_18)
FN:250,(anonymous_19)
FN:257,(anonymous_20)
FN:258,(anonymous_21)
FN:266,(anonymous_22)
FN:278,(anonymous_23)
FN:279,(anonymous_24)
FN:286,(anonymous_25)
FN:294,(anonymous_26)
FN:295,(anonymous_27)
FN:297,(anonymous_28)
FN:304,(anonymous_29)
FN:310,(anonymous_30)
FN:311,(anonymous_31)
FN:317,(anonymous_32)
FN:325,(anonymous_33)
FN:329,(anonymous_34)
FN:339,(anonymous_35)
FN:342,(anonymous_36)
FN:343,(anonymous_37)
FN:348,(anonymous_38)
FN:353,(anonymous_39)
FNF:40
FNH:0
FNDA:0,loadSettings
FNDA:0,saveSettings
FNDA:0,loadReviewData
FNDA:0,saveReviewData
FNDA:0,loadSrState
FNDA:0,saveSrState
FNDA:0,loadSessions
FNDA:0,saveSessions
FNDA:0,loadProgress
FNDA:0,saveProgress
FNDA:0,loadEditorState
FNDA:0,saveEditorState
FNDA:0,loadProblems
FNDA:0,(anonymous_13)
FNDA:0,(anonymous_14)
FNDA:0,createWindow
FNDA:0,(anonymous_16)
FNDA:0,(anonymous_17)
FNDA:0,(anonymous_18)
FNDA:0,(anonymous_19)
FNDA:0,(anonymous_20)
FNDA:0,(anonymous_21)
FNDA:0,(anonymous_22)
FNDA:0,(anonymous_23)
FNDA:0,(anonymous_24)
FNDA:0,(anonymous_25)
FNDA:0,(anonymous_26)
FNDA:0,(anonymous_27)
FNDA:0,(anonymous_28)
FNDA:0,(anonymous_29)
FNDA:0,(anonymous_30)
FNDA:0,(anonymous_31)
FNDA:0,(anonymous_32)
FNDA:0,(anonymous_33)
FNDA:0,(anonymous_34)
FNDA:0,(anonymous_35)
FNDA:0,(anonymous_36)
FNDA:0,(anonymous_37)
FNDA:0,(anonymous_38)
FNDA:0,(anonymous_39)
DA:9,0
DA:10,0
DA:13,0
DA:16,0
DA:17,0
DA:18,0
DA:19,0
DA:20,0
DA:21,0
DA:24,0
DA:25,0
DA:26,0
DA:29,0
DA:33,0
DA:37,0
DA:38,0
DA:39,0
DA:42,0
DA:46,0
DA:50,0
DA:51,0
DA:52,0
DA:55,0
DA:59,0
DA:63,0
DA:64,0
DA:65,0
DA:68,0
DA:72,0
DA:76,0
DA:77,0
DA:78,0
DA:81,0
DA:85,0
DA:89,0
DA:90,0
DA:91,0
DA:94,0
DA:98,0
DA:102,0
DA:103,0
DA:104,0
DA:106,0
DA:107,0
DA:108,0
DA:109,0
DA:110,0
DA:111,0
DA:113,0
DA:114,0
DA:115,0
DA:116,0
DA:118,0
DA:121,0
DA:125,0
DA:128,0
DA:133,0
DA:134,0
DA:135,0
DA:136,0
DA:137,0
DA:144,0
DA:159,0
DA:160,0
DA:161,0
DA:162,0
DA:165,0
DA:168,0
DA:171,0
DA:172,0
DA:178,0
DA:188,0
DA:189,0
DA:242,0
DA:244,0
DA:247,0
DA:250,0
DA:251,0
DA:252,0
DA:253,0
DA:257,0
DA:258,0
DA:259,0
DA:260,0
DA:261,0
DA:262,0
DA:266,0
DA:267,0
DA:268,0
DA:269,0
DA:270,0
DA:271,0
DA:272,0
DA:273,0
DA:274,0
DA:278,0
DA:279,0
DA:280,0
DA:281,0
DA:282,0
DA:286,0
DA:287,0
DA:288,0
DA:289,0
DA:291,0
DA:294,0
DA:295,0
DA:296,0
DA:297,0
DA:298,0
DA:299,0
DA:300,0
DA:301,0
DA:304,0
DA:305,0
DA:306,0
DA:310,0
DA:311,0
DA:312,0
DA:313,0
DA:314,0
DA:315,0
DA:317,0
DA:318,0
DA:319,0
DA:320,0
DA:321,0
DA:325,0
DA:326,0
DA:327,0
DA:329,0
DA:330,0
DA:331,0
DA:332,0
DA:334,0
DA:336,0
DA:337,0
DA:339,0
DA:342,0
DA:343,0
DA:344,0
DA:345,0
DA:348,0
DA:349,0
DA:353,0
DA:354,0
LF:146
LH:0
BRDA:9,0,0,0
BRDA:9,0,1,0
BRDA:13,1,0,0
BRDA:13,1,1,0
BRDA:14,2,0,0
BRDA:14,2,1,0
BRDA:25,3,0,0
BRDA:25,3,1,0
BRDA:38,4,0,0
BRDA:38,4,1,0
BRDA:51,5,0,0
BRDA:51,5,1,0
BRDA:64,6,0,0
BRDA:64,6,1,0
BRDA:77,7,0,0
BRDA:77,7,1,0
BRDA:90,8,0,0
BRDA:90,8,1,0
BRDA:115,9,0,0
BRDA:115,9,1,0
BRDA:134,10,0,0
BRDA:134,10,1,0
BRDA:136,11,0,0
BRDA:136,11,1,0
BRDA:159,12,0,0
BRDA:159,12,1,0
BRDA:161,13,0,0
BRDA:161,13,1,0
BRDA:161,14,0,0
BRDA:161,14,1,0
BRDA:189,15,0,0
BRDA:189,15,1,0
BRDA:251,16,0,0
BRDA:251,16,1,0
BRDA:252,17,0,0
BRDA:252,17,1,0
BRDA:268,18,0,0
BRDA:268,18,1,0
BRDA:269,19,0,0
BRDA:269,19,1,0
BRDA:271,20,0,0
BRDA:271,20,1,0
BRDA:289,21,0,0
BRDA:289,21,1,0
BRDA:298,22,0,0
BRDA:298,22,1,0
BRDA:327,23,0,0
BRDA:327,23,1,0
BRDA:331,24,0,0
BRDA:331,24,1,0
BRDA:337,25,0,0
BRDA:337,25,1,0
BRDA:349,26,0,0
BRDA:349,26,1,0
BRDA:354,27,0,0
BRDA:354,27,1,0
BRF:56
BRH:0
end_of_record
TN:
SF:src/renderer/src/fsrs-cjs.js
FN:8,stateToCard
FN:26,cardToState
FN:37,newCardState
FN:48,processReview
FN:54,previewRatings
FN:55,(anonymous_5)
FN:61,retrievability
FNF:7
FNH:7
FNDA:21,stateToCard
FNDA:21,cardToState
FNDA:11,newCardState
FNDA:21,processReview
FNDA:3,previewRatings
FNDA:12,(anonymous_5)
FNDA:5,retrievability
DA:4,1
DA:6,1
DA:9,21
DA:20,21
DA:21,2
DA:23,21
DA:27,21
DA:38,11
DA:49,21
DA:50,21
DA:51,21
DA:55,3
DA:56,12
DA:57,12
DA:62,5
DA:65,1
LF:16
LH:16
BRDA:10,0,0,2
BRDA:10,0,1,19
BRDA:18,1,0,19
BRDA:18,1,1,2
BRDA:20,2,0,2
BRDA:20,2,1,19
BRDA:32,3,0,21
BRDA:32,3,1,0
BRDA:33,4,0,21
BRDA:33,4,1,0
BRF:10
BRH:8
end_of_record
TN:
SF:src/renderer/src/fsrs.js
FN:8,stateToCard
FN:26,cardToState
FN:37,newCardState
FN:48,processReview
FN:54,previewRatings
FN:55,(anonymous_5)
FN:61,retrievability
FNF:7
FNH:0
FNDA:0,stateToCard
FNDA:0,cardToState
FNDA:0,newCardState
FNDA:0,processReview
FNDA:0,previewRatings
FNDA:0,(anonymous_5)
FNDA:0,retrievability
DA:6,0
DA:9,0
DA:20,0
DA:21,0
DA:23,0
DA:27,0
DA:38,0
DA:49,0
DA:50,0
DA:51,0
DA:55,0
DA:56,0
DA:57,0
DA:62,0
LF:14
LH:0
BRDA:10,0,0,0
BRDA:10,0,1,0
BRDA:18,1,0,0
BRDA:18,1,1,0
BRDA:20,2,0,0
BRDA:20,2,1,0
BRDA:32,3,0,0
BRDA:32,3,1,0
BRDA:33,4,0,0
BRDA:33,4,1,0
BRF:10
BRH:0
end_of_record
